<?xml version="1.0" encoding="utf-8"?><testsuites><testsuite name="pytest" errors="7" failures="0" skipped="0" tests="7" time="2.632" timestamp="2025-11-15T13:24:04.051191" hostname="Desktop-CLF"><testcase classname="" name="tests.integration.test_data_quality_checks" time="0.000"><error message="collection failure">ImportError while importing test module '/opt/claude/mystocks_spec/tests/integration/test_data_quality_checks.py'.
Hint: make sure your test modules/packages have valid Python names.
Traceback:
/root/miniconda3/envs/stock/lib/python3.12/importlib/__init__.py:90: in import_module
    return _bootstrap._gcd_import(name[level:], package, level)
tests/integration/test_data_quality_checks.py:24: in &lt;module&gt;
    from unified_manager import MyStocksUnifiedManager
E   ModuleNotFoundError: No module named 'unified_manager'</error></testcase><testcase classname="" name="tests.integration.test_mysql_redis_integration" time="0.000"><error message="collection failure">ImportError while importing test module '/opt/claude/mystocks_spec/tests/integration/test_mysql_redis_integration.py'.
Hint: make sure your test modules/packages have valid Python names.
Traceback:
/root/miniconda3/envs/stock/lib/python3.12/importlib/__init__.py:90: in import_module
    return _bootstrap._gcd_import(name[level:], package, level)
tests/integration/test_mysql_redis_integration.py:18: in &lt;module&gt;
    from src.data_access.mysql_access import MySQLDataAccess
E   ModuleNotFoundError: No module named 'src.data_access.mysql_access'</error></testcase><testcase classname="" name="tests.integration.test_operation_logging" time="0.000"><error message="collection failure">ImportError while importing test module '/opt/claude/mystocks_spec/tests/integration/test_operation_logging.py'.
Hint: make sure your test modules/packages have valid Python names.
Traceback:
/root/miniconda3/envs/stock/lib/python3.12/importlib/__init__.py:90: in import_module
    return _bootstrap._gcd_import(name[level:], package, level)
tests/integration/test_operation_logging.py:25: in &lt;module&gt;
    from unified_manager import MyStocksUnifiedManager
E   ModuleNotFoundError: No module named 'unified_manager'</error></testcase><testcase classname="" name="tests.integration.test_performance_monitoring" time="0.000"><error message="collection failure">ImportError while importing test module '/opt/claude/mystocks_spec/tests/integration/test_performance_monitoring.py'.
Hint: make sure your test modules/packages have valid Python names.
Traceback:
/root/miniconda3/envs/stock/lib/python3.12/importlib/__init__.py:90: in import_module
    return _bootstrap._gcd_import(name[level:], package, level)
tests/integration/test_performance_monitoring.py:25: in &lt;module&gt;
    from unified_manager import MyStocksUnifiedManager
E   ModuleNotFoundError: No module named 'unified_manager'</error></testcase><testcase classname="" name="tests.integration.test_postgresql_integration" time="0.000"><error message="collection failure">ImportError while importing test module '/opt/claude/mystocks_spec/tests/integration/test_postgresql_integration.py'.
Hint: make sure your test modules/packages have valid Python names.
Traceback:
/root/miniconda3/envs/stock/lib/python3.12/importlib/__init__.py:90: in import_module
    return _bootstrap._gcd_import(name[level:], package, level)
tests/integration/test_postgresql_integration.py:20: in &lt;module&gt;
    from unified_manager import MyStocksUnifiedManager
E   ModuleNotFoundError: No module named 'unified_manager'</error></testcase><testcase classname="" name="tests.integration.test_tdengine_integration" time="0.000"><error message="collection failure">ImportError while importing test module '/opt/claude/mystocks_spec/tests/integration/test_tdengine_integration.py'.
Hint: make sure your test modules/packages have valid Python names.
Traceback:
/root/miniconda3/envs/stock/lib/python3.12/importlib/__init__.py:90: in import_module
    return _bootstrap._gcd_import(name[level:], package, level)
tests/integration/test_tdengine_integration.py:20: in &lt;module&gt;
    from unified_manager import MyStocksUnifiedManager
E   ModuleNotFoundError: No module named 'unified_manager'</error></testcase><testcase classname="" name="tests.integration.test_us1_acceptance" time="0.000"><error message="collection failure">/root/miniconda3/envs/stock/lib/python3.12/site-packages/_pytest/python.py:617: in _importtestmodule
    mod = import_path(self.path, mode=importmode, root=self.config.rootpath)
/root/miniconda3/envs/stock/lib/python3.12/site-packages/_pytest/pathlib.py:567: in import_path
    importlib.import_module(module_name)
/root/miniconda3/envs/stock/lib/python3.12/importlib/__init__.py:90: in import_module
    return _bootstrap._gcd_import(name[level:], package, level)
&lt;frozen importlib._bootstrap&gt;:1387: in _gcd_import
    ???
&lt;frozen importlib._bootstrap&gt;:1360: in _find_and_load
    ???
&lt;frozen importlib._bootstrap&gt;:1331: in _find_and_load_unlocked
    ???
&lt;frozen importlib._bootstrap&gt;:935: in _load_unlocked
    ???
/root/miniconda3/envs/stock/lib/python3.12/site-packages/_pytest/assertion/rewrite.py:177: in exec_module
    source_stat, co = _rewrite_test(fn, self.config)
/root/miniconda3/envs/stock/lib/python3.12/site-packages/_pytest/assertion/rewrite.py:359: in _rewrite_test
    tree = ast.parse(source, filename=strfn)
/root/miniconda3/envs/stock/lib/python3.12/ast.py:52: in parse
    return compile(source, filename, mode, flags,
E     File "/opt/claude/mystocks_spec/tests/integration/test_us1_acceptance.py", line 70
E       from src.core.data_storage_strategy # DataStorageStrategy已移除
E                                           ^^^^^^^^^^^^^^^^^^^^^^^^^
E   SyntaxError: invalid syntax</error></testcase></testsuite></testsuites>