
> mystocks-web-frontend@1.0.0 type-check
> vue-tsc --noEmit

src/api/adapters/marketAdapter.ts(74,9): error TS2322: Type 'Date' is not assignable to type 'string'.
src/api/adapters/marketAdapter.ts(141,7): error TS2740: Type '{ categoryData: string[]; values: number[][]; volumes: number[]; }' is missing the following properties from type 'KLineChartData': timestamp, open, high, low, and 2 more.
src/api/adapters/marketAdapter.ts(198,5): error TS2739: Type '{ marketStats: { totalStocks: number; risingStocks: number; fallingStocks: number; avgChangePercent: number; }; topEtfs: never[]; chipRaces: never[]; longHuBang: never[]; lastUpdate: any; }' is missing the following properties from type 'MarketOverviewVM': indices, marketSentiment, upCount, downCount, flatCount
src/api/adapters/marketAdapter.ts(203,46): error TS2551: Property 'toISOString' does not exist on type 'string'. Did you mean 'toString'?
src/api/adapters/strategyAdapter.ts(104,9): error TS2353: Object literal may only specify known properties, and 'error' does not exist in type 'BacktestTask'.
src/api/adapters/strategyAdapter.ts(121,7): error TS2353: Object literal may only specify known properties, and 'strategy_id' does not exist in type 'BacktestResultVM'.
src/api/types/index.ts(17,1): error TS2308: Module './common' has already exported a member named 'MarketOverview'. Consider explicitly re-exporting to resolve the ambiguity.
src/api/types/index.ts(20,1): error TS2308: Module './common' has already exported a member named 'BacktestRequest'. Consider explicitly re-exporting to resolve the ambiguity.
src/api/types/index.ts(20,1): error TS2308: Module './common' has already exported a member named 'BacktestResponse'. Consider explicitly re-exporting to resolve the ambiguity.
src/api/types/index.ts(20,1): error TS2308: Module './common' has already exported a member named 'StrategyListResponse'. Consider explicitly re-exporting to resolve the ambiguity.
src/api/types/index.ts(26,1): error TS2308: Module './common' has already exported a member named 'PositionItem'. Consider explicitly re-exporting to resolve the ambiguity.
src/api/types/strategy.ts(26,13): error TS2552: Cannot find name 'BacktestResultSummary'. Did you mean 'BacktestResultVM'?
src/api/types/strategy.ts(28,12): error TS2552: Cannot find name 'BacktestTrade'. Did you mean 'BacktestTask'?
src/components/artdeco/core/ArtDecoLoadingOverlay.vue(6,18): error TS18048: '__VLS_ctx.progress' is possibly 'undefined'.
src/components/StrategyCard.vue(15,67): error TS2345: Argument of type 'string | Date' is not assignable to parameter of type 'Date'.
  Type 'string' is not assignable to type 'Date'.
src/composables/usePageTitle.ts(29,39): error TS2551: Property 'roles' does not exist on type '{ id: number; username: string; email: string; role: string; permissions: string[]; }'. Did you mean 'role'?
src/composables/usePageTitle.ts(30,17): error TS2322: Type 'number | undefined' is not assignable to type 'string | undefined'.
  Type 'number' is not assignable to type 'string'.
src/composables/useStrategy.ts(60,7): error TS2739: Type 'StrategyConfigVM' is missing the following properties from type 'Strategy': type, status, createdAt
src/mock/strategyMock.ts(125,3): error TS2353: Object literal may only specify known properties, and 'strategy_id' does not exist in type 'BacktestResultVM'.
src/mock/strategyMock.ts(164,14): error TS2741: Property 'id' is missing in type '{ task_id: string; strategy_id: string; status: string; progress: number; started_at: string; completed_at: string; result: BacktestResultVM; }' but required in type 'BacktestTask'.
src/mock/strategyMock.ts(258,3): error TS2741: Property 'id' is missing in type '{ task_id: string; strategy_id: string; status: string; progress: number; started_at: string; completed_at: string; result: { task_id: string; strategy_id: string; total_return: number; annualized_return: number; ... 6 more ...; equity_curve: any[]; }; }' but required in type 'BacktestTask'.
src/mock/strategyMock.ts(275,3): error TS2741: Property 'id' is missing in type '{ task_id: string; strategy_id: string; status: string; progress: number; started_at: string; }' but required in type 'BacktestTask'.
src/views/artdeco-pages/ArtDecoTradingCenter.vue(304,36): error TS2551: Property 'permissions' does not exist on type 'Store<"auth", Pick<{ user: Ref<{ id: number; username: string; email: string; role: string; permissions: string[]; } | null, User | { id: number; username: string; email: string; role: string; permissions: string[]; } | null>; ... 8 more ...; initializeAuth: () => void; }, "loading" | ... 2 more ... | "isAuthenticat...'. Did you mean 'hasPermission'?
src/views/artdeco-pages/ArtDecoTradingCenter.vue(305,36): error TS2339: Property 'systemConfig' does not exist on type 'Store<"trading", Pick<{ orders: Ref<{ id: string; symbol: string; type: "buy" | "sell"; quantity: number; price: number; status: "pending" | "cancelled" | "filled"; timestamp: Date; }[], TradeOrder[] | { ...; }[]>; ... 5 more ...; clearOrders: () => void; }, "orders" | ... 1 more ... | "isTradingEnabled">, Pick<...>...'.
src/views/artdeco-pages/ArtDecoTradingCenter.vue(337,22): error TS2339: Property 'switchActiveFunction' does not exist on type 'Store<"trading", Pick<{ orders: Ref<{ id: string; symbol: string; type: "buy" | "sell"; quantity: number; price: number; status: "pending" | "cancelled" | "filled"; timestamp: Date; }[], TradeOrder[] | { ...; }[]>; ... 5 more ...; clearOrders: () => void; }, "orders" | ... 1 more ... | "isTradingEnabled">, Pick<...>...'.
src/views/artdeco-pages/ArtDecoTradingCenter.vue(364,32): error TS2339: Property 'refreshAllData' does not exist on type 'Store<"trading", Pick<{ orders: Ref<{ id: string; symbol: string; type: "buy" | "sell"; quantity: number; price: number; status: "pending" | "cancelled" | "filled"; timestamp: Date; }[], TradeOrder[] | { ...; }[]>; ... 5 more ...; clearOrders: () => void; }, "orders" | ... 1 more ... | "isTradingEnabled">, Pick<...>...'.
src/views/artdeco-pages/ArtDecoTradingCenter.vue(403,22): error TS2339: Property 'switchActiveFunction' does not exist on type 'Store<"trading", Pick<{ orders: Ref<{ id: string; symbol: string; type: "buy" | "sell"; quantity: number; price: number; status: "pending" | "cancelled" | "filled"; timestamp: Date; }[], TradeOrder[] | { ...; }[]>; ... 5 more ...; clearOrders: () => void; }, "orders" | ... 1 more ... | "isTradingEnabled">, Pick<...>...'.
src/views/artdeco-pages/ArtDecoTradingManagement.vue(173,55): error TS2322: Type '"elevated"' is not assignable to type '"default" | "form" | "chart" | "stat" | "bordered" | undefined'.
src/views/converted/backtest-management.vue(12,10): error TS2724: '"@/components/artdeco"' has no exported member named 'ArtDecoHeader'. Did you mean 'ArtDecoLoader'?
src/views/converted/dashboard.vue(13,10): error TS2345: Argument of type '{ data: never[]; }' is not assignable to parameter of type 'Partial<{ size: "sm" | "md" | "lg"; title: string; loading: boolean; rowKey: string; pagination: boolean; virtualScroll: boolean; rowHeight: number; containerHeight: number; pageSize: number; currentPage: number; defaultSort: string; defaultSortOrder: "desc" | "asc"; activeRow: any; showPerformanceInfo: boolean; }> ...'.
  Property 'columns' is missing in type '{ data: never[]; }' but required in type 'Omit<{ readonly size: "sm" | "md" | "lg"; readonly data: any[]; readonly title: string; readonly loading: boolean; readonly columns: Column[]; readonly rowKey: string; readonly pagination: boolean; ... 11 more ...; readonly "onPage-change"?: ((page: number) => any) | undefined; } & VNodeProps & AllowedComponentProps...'.
src/views/converted/dashboard.vue(28,10): error TS2724: '"@/components/artdeco"' has no exported member named 'ArtDecoHeader'. Did you mean 'ArtDecoLoader'?
src/views/converted/data-analysis.vue(12,10): error TS2345: Argument of type '{ data: never[]; }' is not assignable to parameter of type 'Partial<{ size: "sm" | "md" | "lg"; title: string; loading: boolean; rowKey: string; pagination: boolean; virtualScroll: boolean; rowHeight: number; containerHeight: number; pageSize: number; currentPage: number; defaultSort: string; defaultSortOrder: "desc" | "asc"; activeRow: any; showPerformanceInfo: boolean; }> ...'.
  Property 'columns' is missing in type '{ data: never[]; }' but required in type 'Omit<{ readonly size: "sm" | "md" | "lg"; readonly data: any[]; readonly title: string; readonly loading: boolean; readonly columns: Column[]; readonly rowKey: string; readonly pagination: boolean; ... 11 more ...; readonly "onPage-change"?: ((page: number) => any) | undefined; } & VNodeProps & AllowedComponentProps...'.
src/views/converted/data-analysis.vue(24,10): error TS2724: '"@/components/artdeco"' has no exported member named 'ArtDecoHeader'. Did you mean 'ArtDecoLoader'?
src/views/converted/market-data.vue(11,10): error TS2345: Argument of type '{ data: never[]; }' is not assignable to parameter of type 'Partial<{ size: "sm" | "md" | "lg"; title: string; loading: boolean; rowKey: string; pagination: boolean; virtualScroll: boolean; rowHeight: number; containerHeight: number; pageSize: number; currentPage: number; defaultSort: string; defaultSortOrder: "desc" | "asc"; activeRow: any; showPerformanceInfo: boolean; }> ...'.
  Property 'columns' is missing in type '{ data: never[]; }' but required in type 'Omit<{ readonly size: "sm" | "md" | "lg"; readonly data: any[]; readonly title: string; readonly loading: boolean; readonly columns: Column[]; readonly rowKey: string; readonly pagination: boolean; ... 11 more ...; readonly "onPage-change"?: ((page: number) => any) | undefined; } & VNodeProps & AllowedComponentProps...'.
src/views/converted/market-data.vue(14,10): error TS2345: Argument of type '{ data: never[]; }' is not assignable to parameter of type 'Partial<{ size: "sm" | "md" | "lg"; title: string; loading: boolean; rowKey: string; pagination: boolean; virtualScroll: boolean; rowHeight: number; containerHeight: number; pageSize: number; currentPage: number; defaultSort: string; defaultSortOrder: "desc" | "asc"; activeRow: any; showPerformanceInfo: boolean; }> ...'.
  Property 'columns' is missing in type '{ data: never[]; }' but required in type 'Omit<{ readonly size: "sm" | "md" | "lg"; readonly data: any[]; readonly title: string; readonly loading: boolean; readonly columns: Column[]; readonly rowKey: string; readonly pagination: boolean; ... 11 more ...; readonly "onPage-change"?: ((page: number) => any) | undefined; } & VNodeProps & AllowedComponentProps...'.
src/views/converted/market-data.vue(17,10): error TS2345: Argument of type '{ data: never[]; }' is not assignable to parameter of type 'Partial<{ size: "sm" | "md" | "lg"; title: string; loading: boolean; rowKey: string; pagination: boolean; virtualScroll: boolean; rowHeight: number; containerHeight: number; pageSize: number; currentPage: number; defaultSort: string; defaultSortOrder: "desc" | "asc"; activeRow: any; showPerformanceInfo: boolean; }> ...'.
  Property 'columns' is missing in type '{ data: never[]; }' but required in type 'Omit<{ readonly size: "sm" | "md" | "lg"; readonly data: any[]; readonly title: string; readonly loading: boolean; readonly columns: Column[]; readonly rowKey: string; readonly pagination: boolean; ... 11 more ...; readonly "onPage-change"?: ((page: number) => any) | undefined; } & VNodeProps & AllowedComponentProps...'.
src/views/converted/market-data.vue(20,10): error TS2345: Argument of type '{ data: never[]; }' is not assignable to parameter of type 'Partial<{ size: "sm" | "md" | "lg"; title: string; loading: boolean; rowKey: string; pagination: boolean; virtualScroll: boolean; rowHeight: number; containerHeight: number; pageSize: number; currentPage: number; defaultSort: string; defaultSortOrder: "desc" | "asc"; activeRow: any; showPerformanceInfo: boolean; }> ...'.
  Property 'columns' is missing in type '{ data: never[]; }' but required in type 'Omit<{ readonly size: "sm" | "md" | "lg"; readonly data: any[]; readonly title: string; readonly loading: boolean; readonly columns: Column[]; readonly rowKey: string; readonly pagination: boolean; ... 11 more ...; readonly "onPage-change"?: ((page: number) => any) | undefined; } & VNodeProps & AllowedComponentProps...'.
src/views/converted/market-data.vue(29,10): error TS2724: '"@/components/artdeco"' has no exported member named 'ArtDecoHeader'. Did you mean 'ArtDecoLoader'?
src/views/converted/market-quotes.vue(9,10): error TS2345: Argument of type '{ data: never[]; }' is not assignable to parameter of type 'Partial<{ size: "sm" | "md" | "lg"; title: string; loading: boolean; rowKey: string; pagination: boolean; virtualScroll: boolean; rowHeight: number; containerHeight: number; pageSize: number; currentPage: number; defaultSort: string; defaultSortOrder: "desc" | "asc"; activeRow: any; showPerformanceInfo: boolean; }> ...'.
  Property 'columns' is missing in type '{ data: never[]; }' but required in type 'Omit<{ readonly size: "sm" | "md" | "lg"; readonly data: any[]; readonly title: string; readonly loading: boolean; readonly columns: Column[]; readonly rowKey: string; readonly pagination: boolean; ... 11 more ...; readonly "onPage-change"?: ((page: number) => any) | undefined; } & VNodeProps & AllowedComponentProps...'.
src/views/converted/market-quotes.vue(29,10): error TS2724: '"@/components/artdeco"' has no exported member named 'ArtDecoHeader'. Did you mean 'ArtDecoLoader'?
src/views/converted/risk-management.vue(12,10): error TS2724: '"@/components/artdeco"' has no exported member named 'ArtDecoHeader'. Did you mean 'ArtDecoLoader'?
src/views/converted/setting.vue(12,10): error TS2724: '"@/components/artdeco"' has no exported member named 'ArtDecoHeader'. Did you mean 'ArtDecoLoader'?
src/views/converted/stock-management.vue(7,10): error TS2345: Argument of type '{ data: never[]; }' is not assignable to parameter of type 'Partial<{ size: "sm" | "md" | "lg"; title: string; loading: boolean; rowKey: string; pagination: boolean; virtualScroll: boolean; rowHeight: number; containerHeight: number; pageSize: number; currentPage: number; defaultSort: string; defaultSortOrder: "desc" | "asc"; activeRow: any; showPerformanceInfo: boolean; }> ...'.
  Property 'columns' is missing in type '{ data: never[]; }' but required in type 'Omit<{ readonly size: "sm" | "md" | "lg"; readonly data: any[]; readonly title: string; readonly loading: boolean; readonly columns: Column[]; readonly rowKey: string; readonly pagination: boolean; ... 11 more ...; readonly "onPage-change"?: ((page: number) => any) | undefined; } & VNodeProps & AllowedComponentProps...'.
src/views/converted/stock-management.vue(16,10): error TS2724: '"@/components/artdeco"' has no exported member named 'ArtDecoHeader'. Did you mean 'ArtDecoLoader'?
src/views/converted/trading-management.vue(12,10): error TS2724: '"@/components/artdeco"' has no exported member named 'ArtDecoHeader'. Did you mean 'ArtDecoLoader'?
src/views/Login.vue(107,49): error TS2339: Property 'login' does not exist on type 'Store<"auth", Pick<{ user: Ref<{ id: number; username: string; email: string; role: string; permissions: string[]; } | null, User | { id: number; username: string; email: string; role: string; permissions: string[]; } | null>; ... 8 more ...; initializeAuth: () => void; }, "loading" | ... 2 more ... | "isAuthenticat...'.
