<testsuites id="" name="" tests="4" failures="1" skipped="0" errors="0" time="15.334579">
<testsuite name="chrome-devtools-basic.spec.ts" timestamp="2026-01-26T16:07:28.281Z" hostname="chrome-debug" tests="4" failures="1" skipped="0" time="32.237" errors="0">
<testcase name="Chrome DevTools Basic Functionality Test › should load the main application" classname="chrome-devtools-basic.spec.ts" time="7.876">
<system-out>
<![CDATA[Page title: MyStocks - Professional Stock Analysis
]]>
</system-out>
</testcase>
<testcase name="Chrome DevTools Basic Functionality Test › should check browser console for errors" classname="chrome-devtools-basic.spec.ts" time="9.993">
<system-out>
<![CDATA[Console [error]: Failed to load resource: the server responded with a status of 500 (Internal Server Error)
Console [debug]: [vite] connecting...
Console [debug]: [vite] connected.
Console messages found: [
  [32m'ERROR: Failed to load resource: the server responded with a status of 500 (Internal Server Error)'[39m
]
]]>
</system-out>
</testcase>
<testcase name="Chrome DevTools Basic Functionality Test › should check network requests" classname="chrome-devtools-basic.spec.ts" time="10.086">
<system-out>
<![CDATA[Request: GET http://localhost:3020/src/api/unifiedApiClient.ts?t=1769443556690
Request: GET http://localhost:3020/src/api/apiClient.ts
Request: GET http://localhost:3020/src/api/index.js?t=1769443556690
Request: GET http://localhost:3020/src/api/mockApiClient.ts
Total requests captured: 4
]]>
</system-out>
</testcase>
<testcase name="Chrome DevTools Basic Functionality Test › should check page performance metrics" classname="chrome-devtools-basic.spec.ts" time="4.282">
<failure message="chrome-devtools-basic.spec.ts:75:7 should check page performance metrics" type="FAILURE">
<![CDATA[  [chrome-debug] › chrome-devtools-basic.spec.ts:75:7 › Chrome DevTools Basic Functionality Test › should check page performance metrics 

    Error: expect(received).toBeLessThan(expected)

    Expected: < 30000
    Received:   NaN

       96 |     
       97 |     expect(loadTime).toBeLessThan(30000);
    >  98 |     expect(performanceMetrics.totalTime).toBeLessThan(30000);
          |                                          ^
       99 |   });
      100 | });
        at /opt/claude/mystocks_spec/web/frontend/tests/chrome-devtools-basic.spec.ts:98:42

    attachment #1: screenshot (image/png) ──────────────────────────────────────────────────────────
    ../test-results/chrome-devtools-basic-Chro-23550-ck-page-performance-metrics-chrome-debug/test-failed-1.png
    ────────────────────────────────────────────────────────────────────────────────────────────────

    attachment #2: video (video/webm) ──────────────────────────────────────────────────────────────
    ../test-results/chrome-devtools-basic-Chro-23550-ck-page-performance-metrics-chrome-debug/video.webm
    ────────────────────────────────────────────────────────────────────────────────────────────────

    Error Context: ../test-results/chrome-devtools-basic-Chro-23550-ck-page-performance-metrics-chrome-debug/error-context.md
]]>
</failure>
<system-out>
<![CDATA[Page load time: 3491ms
Performance metrics: { domContentLoaded: [33mNaN[39m, loadComplete: [33mNaN[39m, totalTime: [33mNaN[39m }

[[ATTACHMENT|test-results/chrome-devtools-basic-Chro-23550-ck-page-performance-metrics-chrome-debug/test-failed-1.png]]

[[ATTACHMENT|test-results/chrome-devtools-basic-Chro-23550-ck-page-performance-metrics-chrome-debug/video.webm]]

[[ATTACHMENT|test-results/chrome-devtools-basic-Chro-23550-ck-page-performance-metrics-chrome-debug/error-context.md]]
]]>
</system-out>
</testcase>
</testsuite>
</testsuites>