<testsuites id="" name="" tests="30" failures="0" skipped="0" errors="0" time="29.557097000000002">
<testsuite name="comprehensive-e2e-validation.spec.ts" timestamp="2026-01-19T00:15:45.632Z" hostname="chromium-desktop" tests="10" failures="0" skipped="0" time="5.455" errors="0">
<testcase name="Phase 1: 前置校验 (Preflight Checks) › PM2前端服务进程状态验证" classname="comprehensive-e2e-validation.spec.ts" time="0.282">
</testcase>
<testcase name="Phase 1: 前置校验 (Preflight Checks) › PM2后端服务进程状态验证" classname="comprehensive-e2e-validation.spec.ts" time="0.311">
</testcase>
<testcase name="Phase 1: 前置校验 (Preflight Checks) › 前端端口连通性验证" classname="comprehensive-e2e-validation.spec.ts" time="0.06">
</testcase>
<testcase name="Phase 1: 前置校验 (Preflight Checks) › 后端端口连通性验证" classname="comprehensive-e2e-validation.spec.ts" time="0.069">
</testcase>
<testcase name="Phase 1: 前置校验 (Preflight Checks) › 前端HTTP响应验证" classname="comprehensive-e2e-validation.spec.ts" time="0.018">
</testcase>
<testcase name="Phase 1: 前置校验 (Preflight Checks) › 后端HTTP响应验证" classname="comprehensive-e2e-validation.spec.ts" time="0.008">
</testcase>
<testcase name="Phase 2: 页面加载完整性 (Page Load Integrity) › DOM元素存在性验证" classname="comprehensive-e2e-validation.spec.ts" time="1.151">
</testcase>
<testcase name="Phase 2: 页面加载完整性 (Page Load Integrity) › 控制台错误检测" classname="comprehensive-e2e-validation.spec.ts" time="2.934">
</testcase>
<testcase name="Phase 3: 前后端联动 (Frontend-Backend Integration) › 后端API健康检查" classname="comprehensive-e2e-validation.spec.ts" time="0.007">
</testcase>
<testcase name="Phase 4: 基础交互 (Basic Interactions) › 页面导航验证" classname="comprehensive-e2e-validation.spec.ts" time="0.615">
<system-out>
<![CDATA[
================================================================================
MyStocks E2E Test Report Generated
================================================================================
Passed: 10, Failed: 0, Duration: 5.68s
Detailed report: /opt/claude/mystocks_spec/web/frontend/test-results/e2e-test-report.json
================================================================================

]]>
</system-out>
</testcase>
</testsuite>
<testsuite name="comprehensive-e2e-validation.spec.ts" timestamp="2026-01-19T00:15:45.632Z" hostname="firefox-desktop" tests="10" failures="0" skipped="0" time="10.978" errors="0">
<testcase name="Phase 1: 前置校验 (Preflight Checks) › PM2前端服务进程状态验证" classname="comprehensive-e2e-validation.spec.ts" time="0.274">
</testcase>
<testcase name="Phase 1: 前置校验 (Preflight Checks) › PM2后端服务进程状态验证" classname="comprehensive-e2e-validation.spec.ts" time="0.269">
</testcase>
<testcase name="Phase 1: 前置校验 (Preflight Checks) › 前端端口连通性验证" classname="comprehensive-e2e-validation.spec.ts" time="0.061">
</testcase>
<testcase name="Phase 1: 前置校验 (Preflight Checks) › 后端端口连通性验证" classname="comprehensive-e2e-validation.spec.ts" time="0.05">
</testcase>
<testcase name="Phase 1: 前置校验 (Preflight Checks) › 前端HTTP响应验证" classname="comprehensive-e2e-validation.spec.ts" time="0.02">
</testcase>
<testcase name="Phase 1: 前置校验 (Preflight Checks) › 后端HTTP响应验证" classname="comprehensive-e2e-validation.spec.ts" time="0.005">
</testcase>
<testcase name="Phase 2: 页面加载完整性 (Page Load Integrity) › DOM元素存在性验证" classname="comprehensive-e2e-validation.spec.ts" time="6.948">
</testcase>
<testcase name="Phase 2: 页面加载完整性 (Page Load Integrity) › 控制台错误检测" classname="comprehensive-e2e-validation.spec.ts" time="2.522">
</testcase>
<testcase name="Phase 3: 前后端联动 (Frontend-Backend Integration) › 后端API健康检查" classname="comprehensive-e2e-validation.spec.ts" time="0.013">
</testcase>
<testcase name="Phase 4: 基础交互 (Basic Interactions) › 页面导航验证" classname="comprehensive-e2e-validation.spec.ts" time="0.816">
<system-out>
<![CDATA[
================================================================================
MyStocks E2E Test Report Generated
================================================================================
Passed: 10, Failed: 0, Duration: 12.08s
Detailed report: /opt/claude/mystocks_spec/web/frontend/test-results/e2e-test-report.json
================================================================================

]]>
</system-out>
</testcase>
</testsuite>
<testsuite name="comprehensive-e2e-validation.spec.ts" timestamp="2026-01-19T00:15:45.632Z" hostname="webkit-desktop" tests="10" failures="0" skipped="0" time="6.614" errors="0">
<testcase name="Phase 1: 前置校验 (Preflight Checks) › PM2前端服务进程状态验证" classname="comprehensive-e2e-validation.spec.ts" time="0.374">
</testcase>
<testcase name="Phase 1: 前置校验 (Preflight Checks) › PM2后端服务进程状态验证" classname="comprehensive-e2e-validation.spec.ts" time="0.349">
</testcase>
<testcase name="Phase 1: 前置校验 (Preflight Checks) › 前端端口连通性验证" classname="comprehensive-e2e-validation.spec.ts" time="0.098">
</testcase>
<testcase name="Phase 1: 前置校验 (Preflight Checks) › 后端端口连通性验证" classname="comprehensive-e2e-validation.spec.ts" time="0.077">
</testcase>
<testcase name="Phase 1: 前置校验 (Preflight Checks) › 前端HTTP响应验证" classname="comprehensive-e2e-validation.spec.ts" time="0.026">
</testcase>
<testcase name="Phase 1: 前置校验 (Preflight Checks) › 后端HTTP响应验证" classname="comprehensive-e2e-validation.spec.ts" time="0.013">
</testcase>
<testcase name="Phase 2: 页面加载完整性 (Page Load Integrity) › DOM元素存在性验证" classname="comprehensive-e2e-validation.spec.ts" time="1.638">
</testcase>
<testcase name="Phase 2: 页面加载完整性 (Page Load Integrity) › 控制台错误检测" classname="comprehensive-e2e-validation.spec.ts" time="3.271">
</testcase>
<testcase name="Phase 3: 前后端联动 (Frontend-Backend Integration) › 后端API健康检查" classname="comprehensive-e2e-validation.spec.ts" time="0.009">
</testcase>
<testcase name="Phase 4: 基础交互 (Basic Interactions) › 页面导航验证" classname="comprehensive-e2e-validation.spec.ts" time="0.759">
<system-out>
<![CDATA[
================================================================================
MyStocks E2E Test Report Generated
================================================================================
Passed: 10, Failed: 0, Duration: 6.96s
Detailed report: /opt/claude/mystocks_spec/web/frontend/test-results/e2e-test-report.json
================================================================================

]]>
</system-out>
</testcase>
</testsuite>
</testsuites>